<?xml version="1.0" encoding="UTF-8"?>
<!-- Generated by org.testng.reporters.JUnitXMLReporter -->
<testsuite ignored="0" hostname="DESKTOP-CFS2EAU" failures="0" tests="6" name="Test" time="174.344" errors="0" timestamp="2025-04-10T18:18:26 IST">
  <testcase classname="com.crm.contact_Test.Test_Contacts_005" name="contacts_005" time="120.165"/>
  <testcase classname="com.crm.leads_Test.Test_Leads_004" name="leads_004" time="121.209"/>
  <testcase classname="com.crm.contact_Test.Test_Contacts_001" name="contacts_001" time="122.201"/>
  <testcase classname="com.crm.contact_Test.Test_Contacts_004" name="contacts_004" time="124.746"/>
  <testcase classname="com.crm.contact_Test.Test_Contacts_003" name="contacts_003" time="125.173"/>
  <testcase classname="com.crm.contact_Test.Test_Contacts_002" name="contacts_002" time="54.062"/>
</testsuite> <!-- Test -->
