<?xml version="1.0" encoding="UTF-8"?>
<testng-results ignored="0" total="1" passed="1" failed="0" skipped="0">
  <reporter-output>
  </reporter-output>
  <suite started-at="2025-04-09T11:28:14 IST" name="Default suite" finished-at="2025-04-09T11:28:54 IST" duration-ms="39471">
    <groups>
    </groups>
    <test started-at="2025-04-09T11:28:14 IST" name="Default test" finished-at="2025-04-09T11:28:54 IST" duration-ms="39471">
      <class name="com.crm.leads_Test.Test_Leads_002">
        <test-method signature="leads_002()[pri:0, instance:com.crm.leads_Test.Test_Leads_002@72057ecf]" started-at="2025-04-09T11:28:14 IST" name="leads_002" finished-at="2025-04-09T11:28:54 IST" duration-ms="39377" status="PASS">
          <reporter-output>
          </reporter-output>
        </test-method> <!-- leads_002 -->
      </class> <!-- com.crm.leads_Test.Test_Leads_002 -->
    </test> <!-- Default test -->
  </suite> <!-- Default suite -->
</testng-results>
