<?xml version="1.0" encoding="UTF-8"?>
<testng-results ignored="0" total="1" passed="1" failed="0" skipped="0">
  <reporter-output>
  </reporter-output>
  <suite started-at="2025-04-10T12:52:42 IST" name="Default suite" finished-at="2025-04-10T12:53:27 IST" duration-ms="44958">
    <groups>
    </groups>
    <test started-at="2025-04-10T12:52:42 IST" name="Default test" finished-at="2025-04-10T12:53:27 IST" duration-ms="44958">
      <class name="com.crm.leads_Test.Test_Leads_005">
        <test-method signature="leads_005()[pri:0, instance:com.crm.leads_Test.Test_Leads_005@72057ecf]" started-at="2025-04-10T12:52:42 IST" name="leads_005" finished-at="2025-04-10T12:53:27 IST" duration-ms="44846" status="PASS">
          <reporter-output>
          </reporter-output>
        </test-method> <!-- leads_005 -->
      </class> <!-- com.crm.leads_Test.Test_Leads_005 -->
    </test> <!-- Default test -->
  </suite> <!-- Default suite -->
</testng-results>
